<?xml version="1.0" encoding="UTF-8"?>
<testsuite name="testUI.LoginTodoIstTest" tests="1" skipped="0" failures="0" errors="0" timestamp="2020-10-04T23:08:40" hostname="DESKTOP-28RT13S" time="36.756">
  <properties/>
  <testcase name="verifyTheLoginUsingUserAndPassword" classname="testUI.LoginTodoIstTest" time="36.756"/>
  <system-out><![CDATA[]]></system-out>
  <system-err><![CDATA[SLF4J: Failed to load class "org.slf4j.impl.StaticLoggerBinder".
SLF4J: Defaulting to no-operation (NOP) logger implementation
SLF4J: See http://www.slf4j.org/codes.html#StaticLoggerBinder for further details.
oct. 04, 2020 7:08:40 P. M. org.openqa.selenium.remote.DesiredCapabilities chrome
INFO: Using `new ChromeOptions()` is preferred to `DesiredCapabilities.chrome()`
Starting ChromeDriver 85.0.4183.87 (cd6713ebf92fa1cacc0f1a598df280093af0c5d7-refs/branch-heads/4183@{#1689}) on port 9425
Only local connections are allowed.
Please see https://chromedriver.chromium.org/security-considerations for suggestions on keeping ChromeDriver safe.
ChromeDriver was started successfully.
oct. 04, 2020 7:08:44 P. M. org.openqa.selenium.remote.ProtocolHandshake createSession
INFO: Detected dialect: W3C
]]></system-err>
</testsuite>
