<?xml version="1.0" encoding="UTF-8"?>
<testsuite name="testUI.VulnerabilityTest" tests="1" skipped="0" failures="0" errors="0" timestamp="2020-10-04T23:09:17" hostname="DESKTOP-28RT13S" time="33.346">
  <properties/>
  <testcase name="verifyVulnerabilityScanTest" classname="testUI.VulnerabilityTest" time="33.346"/>
  <system-out><![CDATA[{
    "scan": "2"
}
ID :2
OWASP Status : 100 %
]]></system-out>
  <system-err><![CDATA[]]></system-err>
</testsuite>
